[START] User export process at Fri 02/14/2025  2:21:23.11 
[ 2:21:23.12] Authenticating with Keycloak CLI... 
Logging into http://localhost:8080/auth as user admin of realm master
[ 2:21:29.46] Successfully authenticated. 
[ 2:21:29.52] Fetching all groups... 

[ 2:21:35.35] Finished fetching groups. 
[ 2:21:35.39] Selecting group "SuperUsers"... 
[ 2:21:35.69] Selected group "SuperUsers" with ID: 9322f589-8ad3-4db9-8c12-56093fcea994 
[ 2:21:35.70] Creating user user001... 
User exists with same username
[ 2:21:35.70] Retrieving ID for user user001... 

[ 2:21:35.70] User ID for user001: e5ebb67e-0d97-4fa2-8c6d-96b36c35538a 
[ 2:21:35.70] Adding user user001 to group "SuperUsers"... 
[ 2:21:35.71] User user001 successfully added to group "SuperUsers". 
-------------------------------------------------- 
[ 2:21:35.70] Creating user user002... 
User exists with same username
[ 2:21:35.70] Retrieving ID for user user002... 

[ 2:21:35.70] User ID for user002: 398382d8-92e8-496b-aa3f-2a03b3a42f06 
[ 2:21:35.70] Adding user user002 to group "SuperUsers"... 
[ 2:21:35.71] User user002 successfully added to group "SuperUsers". 
-------------------------------------------------- 
[ 2:21:35.70] Creating user user003... 
User exists with same username
[ 2:21:35.70] Retrieving ID for user user003... 

[ 2:21:35.70] User ID for user003: ed95b7e2-1d2f-4684-b881-55c5e7f76cf9 
[ 2:21:35.70] Adding user user003 to group "SuperUsers"... 
[ 2:21:35.71] User user003 successfully added to group "SuperUsers". 
-------------------------------------------------- 
[ 2:21:35.70] Creating user user004... 
Created new user with id 'dc92a143-c046-4d34-8ec8-e6bd051a4d9d'
[ 2:21:35.70] Retrieving ID for user user004... 

[ 2:21:35.70] User ID for user004: dc92a143-c046-4d34-8ec8-e6bd051a4d9d 
[ 2:21:35.70] Adding user user004 to group "SuperUsers"... 
[ 2:21:35.71] User user004 successfully added to group "SuperUsers". 
-------------------------------------------------- 
[ 2:21:35.70] Creating user user005... 
Created new user with id '5fd82428-d3b0-4c67-a734-7a39b8be831a'
[ 2:21:35.70] Retrieving ID for user user005... 

[ 2:21:35.70] User ID for user005: 5fd82428-d3b0-4c67-a734-7a39b8be831a 
[ 2:21:35.70] Adding user user005 to group "SuperUsers"... 
[ 2:21:35.71] User user005 successfully added to group "SuperUsers". 
-------------------------------------------------- 
[ 2:21:35.70] Creating user user006... 
Created new user with id '2cc4b22f-6782-4ede-b7d9-84fd91887731'
[ 2:21:35.70] Retrieving ID for user user006... 

[ 2:21:35.70] User ID for user006: 2cc4b22f-6782-4ede-b7d9-84fd91887731 
[ 2:21:35.70] Adding user user006 to group "SuperUsers"... 
[ 2:21:35.71] User user006 successfully added to group "SuperUsers". 
-------------------------------------------------- 
[ 2:21:35.70] Creating user user007... 
Created new user with id '06ee4cbe-50dd-4542-9c15-cebc40150991'
[ 2:21:35.70] Retrieving ID for user user007... 

[ 2:21:35.70] User ID for user007: 06ee4cbe-50dd-4542-9c15-cebc40150991 
[ 2:21:35.70] Adding user user007 to group "SuperUsers"... 
[ 2:21:35.71] User user007 successfully added to group "SuperUsers". 
-------------------------------------------------- 
[ 2:21:35.70] Creating user user008... 
Created new user with id '7c68072d-2898-42da-89cb-0eaeaae7a72b'
[ 2:21:35.70] Retrieving ID for user user008... 

[ 2:21:35.70] User ID for user008: 7c68072d-2898-42da-89cb-0eaeaae7a72b 
[ 2:21:35.70] Adding user user008 to group "SuperUsers"... 
[ 2:21:35.71] User user008 successfully added to group "SuperUsers". 
-------------------------------------------------- 
[ 2:21:35.70] Creating user user009... 
Created new user with id '034c8364-614f-430a-892a-f7d343dea556'
[ 2:21:35.70] Retrieving ID for user user009... 

[ 2:21:35.70] User ID for user009: 034c8364-614f-430a-892a-f7d343dea556 
[ 2:21:35.70] Adding user user009 to group "SuperUsers"... 
[ 2:21:35.71] User user009 successfully added to group "SuperUsers". 
-------------------------------------------------- 
[ 2:21:35.70] Creating user user010... 
Created new user with id '0ba990ab-8e81-402f-82e8-1254e410c8f0'
[ 2:21:35.70] Retrieving ID for user user010... 

[ 2:21:35.70] User ID for user010: 0ba990ab-8e81-402f-82e8-1254e410c8f0 
[ 2:21:35.70] Adding user user010 to group "SuperUsers"... 
[ 2:21:35.71] User user010 successfully added to group "SuperUsers". 
-------------------------------------------------- 
[ 2:21:35.70] Creating user user011... 
Created new user with id 'b183a430-c6c7-448b-8552-e792ac4f2137'
[ 2:21:35.70] Retrieving ID for user user011... 

[ 2:21:35.70] User ID for user011: b183a430-c6c7-448b-8552-e792ac4f2137 
[ 2:21:35.70] Adding user user011 to group "SuperUsers"... 
[ 2:21:35.71] User user011 successfully added to group "SuperUsers". 
-------------------------------------------------- 
[ 2:21:35.70] Creating user user012... 
Created new user with id '2bc2a1d3-adeb-4c78-9a99-2a232d28f443'
[ 2:21:35.70] Retrieving ID for user user012... 

[ 2:21:35.70] User ID for user012: 2bc2a1d3-adeb-4c78-9a99-2a232d28f443 
[ 2:21:35.70] Adding user user012 to group "SuperUsers"... 
[ 2:21:35.71] User user012 successfully added to group "SuperUsers". 
-------------------------------------------------- 
[ 2:21:35.70] Creating user user013... 
Created new user with id 'b2dc4a79-2c8b-4a43-8e81-71b926ac2675'
[ 2:21:35.70] Retrieving ID for user user013... 

[ 2:21:35.70] User ID for user013: b2dc4a79-2c8b-4a43-8e81-71b926ac2675 
[ 2:21:35.70] Adding user user013 to group "SuperUsers"... 
[ 2:21:35.71] User user013 successfully added to group "SuperUsers". 
-------------------------------------------------- 
[ 2:21:35.70] Creating user user014... 
Created new user with id 'c2ae229b-da4e-49ed-a967-7a893cc93982'
[ 2:21:35.70] Retrieving ID for user user014... 

[ 2:21:35.70] User ID for user014: c2ae229b-da4e-49ed-a967-7a893cc93982 
[ 2:21:35.70] Adding user user014 to group "SuperUsers"... 
[ 2:21:35.71] User user014 successfully added to group "SuperUsers". 
-------------------------------------------------- 
[ 2:21:35.70] Creating user user015... 
Created new user with id '11c96e23-43d6-4d49-a810-08a462e3833c'
[ 2:21:35.70] Retrieving ID for user user015... 

[ 2:21:35.70] User ID for user015: 11c96e23-43d6-4d49-a810-08a462e3833c 
[ 2:21:35.70] Adding user user015 to group "SuperUsers"... 
[ 2:21:35.71] User user015 successfully added to group "SuperUsers". 
-------------------------------------------------- 
[ 2:21:35.70] Creating user user016... 
Created new user with id '3682f9f5-0fce-4442-9887-3f1deebe3569'
[ 2:21:35.70] Retrieving ID for user user016... 

[ 2:21:35.70] User ID for user016: 3682f9f5-0fce-4442-9887-3f1deebe3569 
[ 2:21:35.70] Adding user user016 to group "SuperUsers"... 
[ 2:21:35.71] User user016 successfully added to group "SuperUsers". 
-------------------------------------------------- 
[ 2:21:35.70] Creating user user017... 
Created new user with id 'f24453c9-5b66-4a2c-9db1-f00205c6f02d'
[ 2:21:35.70] Retrieving ID for user user017... 

[ 2:21:35.70] User ID for user017: f24453c9-5b66-4a2c-9db1-f00205c6f02d 
[ 2:21:35.70] Adding user user017 to group "SuperUsers"... 
[ 2:21:35.71] User user017 successfully added to group "SuperUsers". 
-------------------------------------------------- 
[ 2:21:35.70] Creating user user018... 
Created new user with id '81443c39-6fba-43b4-b5b2-8deb68524cb1'
[ 2:21:35.70] Retrieving ID for user user018... 

[ 2:21:35.70] User ID for user018: 81443c39-6fba-43b4-b5b2-8deb68524cb1 
[ 2:21:35.70] Adding user user018 to group "SuperUsers"... 
[ 2:21:35.71] User user018 successfully added to group "SuperUsers". 
-------------------------------------------------- 
[ 2:21:35.70] Creating user user019... 
Created new user with id 'f521e301-2c16-460a-8a90-50f8b47e80ff'
[ 2:21:35.70] Retrieving ID for user user019... 

[ 2:21:35.70] User ID for user019: f521e301-2c16-460a-8a90-50f8b47e80ff 
[ 2:21:35.70] Adding user user019 to group "SuperUsers"... 
[ 2:21:35.71] User user019 successfully added to group "SuperUsers". 
-------------------------------------------------- 
[ 2:21:35.70] Creating user user020... 
Created new user with id '97272c13-20f6-4646-b243-afeb8518fef7'
[ 2:21:35.70] Retrieving ID for user user020... 

[ 2:21:35.70] User ID for user020: 97272c13-20f6-4646-b243-afeb8518fef7 
[ 2:21:35.70] Adding user user020 to group "SuperUsers"... 
[ 2:21:35.71] User user020 successfully added to group "SuperUsers". 
-------------------------------------------------- 
[ 2:21:35.70] Creating user user021... 
Created new user with id 'ece2ece4-783c-4748-a5a0-1ab4349ab5d8'
[ 2:21:35.70] Retrieving ID for user user021... 

[ 2:21:35.70] User ID for user021: ece2ece4-783c-4748-a5a0-1ab4349ab5d8 
[ 2:21:35.70] Adding user user021 to group "SuperUsers"... 
[ 2:21:35.71] User user021 successfully added to group "SuperUsers". 
-------------------------------------------------- 
[ 2:21:35.70] Creating user user022... 
Created new user with id '324320b0-4bfb-45ff-b774-b71b29ac638a'
[ 2:21:35.70] Retrieving ID for user user022... 

[ 2:21:35.70] User ID for user022: 324320b0-4bfb-45ff-b774-b71b29ac638a 
[ 2:21:35.70] Adding user user022 to group "SuperUsers"... 
[ 2:21:35.71] User user022 successfully added to group "SuperUsers". 
-------------------------------------------------- 
[ 2:21:35.70] Creating user user023... 
Created new user with id '5ccd1a0b-7312-4d1b-9301-b74da62294dc'
[ 2:21:35.70] Retrieving ID for user user023... 

[ 2:21:35.70] User ID for user023: 5ccd1a0b-7312-4d1b-9301-b74da62294dc 
[ 2:21:35.70] Adding user user023 to group "SuperUsers"... 
[ 2:21:35.71] User user023 successfully added to group "SuperUsers". 
-------------------------------------------------- 
[ 2:21:35.70] Creating user user024... 
Created new user with id '4ec54045-de03-4a86-b69e-64c279b35cc0'
[ 2:21:35.70] Retrieving ID for user user024... 

[ 2:21:35.70] User ID for user024: 4ec54045-de03-4a86-b69e-64c279b35cc0 
[ 2:21:35.70] Adding user user024 to group "SuperUsers"... 
[ 2:21:35.71] User user024 successfully added to group "SuperUsers". 
-------------------------------------------------- 
[ 2:21:35.70] Creating user user025... 
Created new user with id '85011cfa-0a2a-4c3e-8b31-f875e08600c2'
[ 2:21:35.70] Retrieving ID for user user025... 

[ 2:21:35.70] User ID for user025: 85011cfa-0a2a-4c3e-8b31-f875e08600c2 
[ 2:21:35.70] Adding user user025 to group "SuperUsers"... 
[ 2:21:35.71] User user025 successfully added to group "SuperUsers". 
-------------------------------------------------- 
[ 2:21:35.70] Creating user user026... 
Created new user with id '67ff46e5-cd7c-487d-bf5f-b88d2023002e'
[ 2:21:35.70] Retrieving ID for user user026... 

[ 2:21:35.70] User ID for user026: 67ff46e5-cd7c-487d-bf5f-b88d2023002e 
[ 2:21:35.70] Adding user user026 to group "SuperUsers"... 
[ 2:21:35.71] User user026 successfully added to group "SuperUsers". 
-------------------------------------------------- 
[ 2:21:35.70] Creating user user027... 
Created new user with id 'a8277012-8631-414c-9bd0-0e174fb3cf61'
[ 2:21:35.70] Retrieving ID for user user027... 

[ 2:21:35.70] User ID for user027: a8277012-8631-414c-9bd0-0e174fb3cf61 
[ 2:21:35.70] Adding user user027 to group "SuperUsers"... 
[ 2:21:35.71] User user027 successfully added to group "SuperUsers". 
-------------------------------------------------- 
[ 2:21:35.70] Creating user user028... 
Created new user with id '7b240092-9399-4145-a1c8-633a6bbe6e46'
[ 2:21:35.70] Retrieving ID for user user028... 

[ 2:21:35.70] User ID for user028: 7b240092-9399-4145-a1c8-633a6bbe6e46 
[ 2:21:35.70] Adding user user028 to group "SuperUsers"... 
[ 2:21:35.71] User user028 successfully added to group "SuperUsers". 
-------------------------------------------------- 
[ 2:21:35.70] Creating user user029... 
Created new user with id '4b3e594d-36ec-4ca9-a6f6-6d355cef73af'
[ 2:21:35.70] Retrieving ID for user user029... 

[ 2:21:35.70] User ID for user029: 4b3e594d-36ec-4ca9-a6f6-6d355cef73af 
[ 2:21:35.70] Adding user user029 to group "SuperUsers"... 
[ 2:21:35.71] User user029 successfully added to group "SuperUsers". 
-------------------------------------------------- 
[ 2:21:35.70] Creating user user030... 
Created new user with id '80b86037-2e9c-483e-9843-48c450a3819a'
[ 2:21:35.70] Retrieving ID for user user030... 

[ 2:21:35.70] User ID for user030: 80b86037-2e9c-483e-9843-48c450a3819a 
[ 2:21:35.70] Adding user user030 to group "SuperUsers"... 
[ 2:21:35.71] User user030 successfully added to group "SuperUsers". 
-------------------------------------------------- 
[ 2:21:35.70] Creating user user031... 
Created new user with id '875982e7-e8e7-4e04-8c1e-01a44d5cbecc'
[ 2:21:35.70] Retrieving ID for user user031... 

[ 2:21:35.70] User ID for user031: 875982e7-e8e7-4e04-8c1e-01a44d5cbecc 
[ 2:21:35.70] Adding user user031 to group "SuperUsers"... 
[ 2:21:35.71] User user031 successfully added to group "SuperUsers". 
-------------------------------------------------- 
[ 2:21:35.70] Creating user user032... 
Created new user with id '0571752c-479a-4e61-8344-f03d275a802e'
[ 2:21:35.70] Retrieving ID for user user032... 

[ 2:21:35.70] User ID for user032: 0571752c-479a-4e61-8344-f03d275a802e 
[ 2:21:35.70] Adding user user032 to group "SuperUsers"... 
[ 2:21:35.71] User user032 successfully added to group "SuperUsers". 
-------------------------------------------------- 
[ 2:21:35.70] Creating user user033... 
Created new user with id '7af0eeff-acd5-4317-a470-ac5a924293fb'
[ 2:21:35.70] Retrieving ID for user user033... 

[ 2:21:35.70] User ID for user033: 7af0eeff-acd5-4317-a470-ac5a924293fb 
[ 2:21:35.70] Adding user user033 to group "SuperUsers"... 
[ 2:21:35.71] User user033 successfully added to group "SuperUsers". 
-------------------------------------------------- 
[ 2:21:35.70] Creating user user034... 
Created new user with id '4b800242-1421-492f-bb5a-89b5c81714c4'
[ 2:21:35.70] Retrieving ID for user user034... 

[ 2:21:35.70] User ID for user034: 4b800242-1421-492f-bb5a-89b5c81714c4 
[ 2:21:35.70] Adding user user034 to group "SuperUsers"... 
[ 2:21:35.71] User user034 successfully added to group "SuperUsers". 
-------------------------------------------------- 
[ 2:21:35.70] Creating user user035... 
Created new user with id 'ba13cb5a-a407-493e-9160-de8e342b0f05'
[ 2:21:35.70] Retrieving ID for user user035... 

[ 2:21:35.70] User ID for user035: ba13cb5a-a407-493e-9160-de8e342b0f05 
[ 2:21:35.70] Adding user user035 to group "SuperUsers"... 
[ 2:21:35.71] User user035 successfully added to group "SuperUsers". 
-------------------------------------------------- 
[ 2:21:35.70] Creating user user036... 
Created new user with id 'c4715447-d2ff-442c-b2a1-92090414ef0a'
[ 2:21:35.70] Retrieving ID for user user036... 

[ 2:21:35.70] User ID for user036: c4715447-d2ff-442c-b2a1-92090414ef0a 
[ 2:21:35.70] Adding user user036 to group "SuperUsers"... 
[ 2:21:35.71] User user036 successfully added to group "SuperUsers". 
-------------------------------------------------- 
[ 2:21:35.70] Creating user user037... 
Created new user with id 'adb605d6-4730-4f4c-92a8-d25731a18096'
[ 2:21:35.70] Retrieving ID for user user037... 

[ 2:21:35.70] User ID for user037: adb605d6-4730-4f4c-92a8-d25731a18096 
[ 2:21:35.70] Adding user user037 to group "SuperUsers"... 
[ 2:21:35.71] User user037 successfully added to group "SuperUsers". 
-------------------------------------------------- 
[ 2:21:35.70] Creating user user038... 
Created new user with id '3cbba50d-13ff-4b41-94f6-b60aba0e025a'
[ 2:21:35.70] Retrieving ID for user user038... 

[ 2:21:35.70] User ID for user038: 3cbba50d-13ff-4b41-94f6-b60aba0e025a 
[ 2:21:35.70] Adding user user038 to group "SuperUsers"... 
[ 2:21:35.71] User user038 successfully added to group "SuperUsers". 
-------------------------------------------------- 
[ 2:21:35.70] Creating user user039... 
Created new user with id 'a08a6b36-8bf1-4e16-b170-cbe217bda056'
[ 2:21:35.70] Retrieving ID for user user039... 

[ 2:21:35.70] User ID for user039: a08a6b36-8bf1-4e16-b170-cbe217bda056 
[ 2:21:35.70] Adding user user039 to group "SuperUsers"... 
[ 2:21:35.71] User user039 successfully added to group "SuperUsers". 
-------------------------------------------------- 
[ 2:21:35.70] Creating user user040... 
Created new user with id '7d88d690-3696-4f95-98b3-c1132515c115'
[ 2:21:35.70] Retrieving ID for user user040... 

[ 2:21:35.70] User ID for user040: 7d88d690-3696-4f95-98b3-c1132515c115 
[ 2:21:35.70] Adding user user040 to group "SuperUsers"... 
[ 2:21:35.71] User user040 successfully added to group "SuperUsers". 
-------------------------------------------------- 
[ 2:21:35.70] Creating user user041... 
Created new user with id '055c9f0d-e2bf-426f-b42f-96c6d777b9fa'
[ 2:21:35.70] Retrieving ID for user user041... 

[ 2:21:35.70] User ID for user041: 055c9f0d-e2bf-426f-b42f-96c6d777b9fa 
[ 2:21:35.70] Adding user user041 to group "SuperUsers"... 
[ 2:21:35.71] User user041 successfully added to group "SuperUsers". 
-------------------------------------------------- 
[ 2:21:35.70] Creating user user042... 
Created new user with id '1cd0b084-4465-4793-b264-c362bab4fa93'
[ 2:21:35.70] Retrieving ID for user user042... 

[ 2:21:35.70] User ID for user042: 1cd0b084-4465-4793-b264-c362bab4fa93 
[ 2:21:35.70] Adding user user042 to group "SuperUsers"... 
[ 2:21:35.71] User user042 successfully added to group "SuperUsers". 
-------------------------------------------------- 
[ 2:21:35.70] Creating user user043... 
Created new user with id '21bd0c1c-e71c-4966-b976-e251ce73b1da'
[ 2:21:35.70] Retrieving ID for user user043... 

[ 2:21:35.70] User ID for user043: 21bd0c1c-e71c-4966-b976-e251ce73b1da 
[ 2:21:35.70] Adding user user043 to group "SuperUsers"... 
[ 2:21:35.71] User user043 successfully added to group "SuperUsers". 
-------------------------------------------------- 
[ 2:21:35.70] Creating user user044... 
Created new user with id 'c321a4a4-e7c0-4778-9fee-5ea982f15319'
[ 2:21:35.70] Retrieving ID for user user044... 

[ 2:21:35.70] User ID for user044: c321a4a4-e7c0-4778-9fee-5ea982f15319 
[ 2:21:35.70] Adding user user044 to group "SuperUsers"... 
[ 2:21:35.71] User user044 successfully added to group "SuperUsers". 
-------------------------------------------------- 
[ 2:21:35.70] Creating user user045... 
Created new user with id '7e0bbf41-6df8-4cb1-806e-670e8fb13e0a'
[ 2:21:35.70] Retrieving ID for user user045... 

[ 2:21:35.70] User ID for user045: 7e0bbf41-6df8-4cb1-806e-670e8fb13e0a 
[ 2:21:35.70] Adding user user045 to group "SuperUsers"... 
[ 2:21:35.71] User user045 successfully added to group "SuperUsers". 
-------------------------------------------------- 
[ 2:21:35.70] Creating user user046... 
Created new user with id '2d0ae08f-a8a1-456a-a91d-30fad29ef9f9'
[ 2:21:35.70] Retrieving ID for user user046... 

[ 2:21:35.70] User ID for user046: 2d0ae08f-a8a1-456a-a91d-30fad29ef9f9 
[ 2:21:35.70] Adding user user046 to group "SuperUsers"... 
[ 2:21:35.71] User user046 successfully added to group "SuperUsers". 
-------------------------------------------------- 
[ 2:21:35.70] Creating user user047... 
Created new user with id '921d916d-71a3-49e8-a49f-ee4e65324bd6'
[ 2:21:35.70] Retrieving ID for user user047... 

[ 2:21:35.70] User ID for user047: 921d916d-71a3-49e8-a49f-ee4e65324bd6 
[ 2:21:35.70] Adding user user047 to group "SuperUsers"... 
[ 2:21:35.71] User user047 successfully added to group "SuperUsers". 
-------------------------------------------------- 
[ 2:21:35.70] Creating user user048... 
Created new user with id 'e3ddafac-6457-4bc1-8f5c-0bf9e7f47bc9'
[ 2:21:35.70] Retrieving ID for user user048... 

[ 2:21:35.70] User ID for user048: e3ddafac-6457-4bc1-8f5c-0bf9e7f47bc9 
[ 2:21:35.70] Adding user user048 to group "SuperUsers"... 
[ 2:21:35.71] User user048 successfully added to group "SuperUsers". 
-------------------------------------------------- 
[ 2:21:35.70] Creating user user049... 
Created new user with id 'ac38c66f-3fa3-4c80-bd45-abf4f376eb07'
[ 2:21:35.70] Retrieving ID for user user049... 

[ 2:21:35.70] User ID for user049: ac38c66f-3fa3-4c80-bd45-abf4f376eb07 
[ 2:21:35.70] Adding user user049 to group "SuperUsers"... 
[ 2:21:35.71] User user049 successfully added to group "SuperUsers". 
-------------------------------------------------- 
[ 2:21:35.70] Creating user user050... 
Created new user with id '08662ac4-f218-4888-a8f5-ba8e5ac15769'
[ 2:21:35.70] Retrieving ID for user user050... 

[ 2:21:35.70] User ID for user050: 08662ac4-f218-4888-a8f5-ba8e5ac15769 
[ 2:21:35.70] Adding user user050 to group "SuperUsers"... 
[ 2:21:35.71] User user050 successfully added to group "SuperUsers". 
-------------------------------------------------- 
[ 2:21:35.70] Creating user user051... 
Created new user with id '8fefe3ff-58d6-4b7c-8f03-5418d49c61c5'
[ 2:21:35.70] Retrieving ID for user user051... 

[ 2:21:35.70] User ID for user051: 8fefe3ff-58d6-4b7c-8f03-5418d49c61c5 
[ 2:21:35.70] Adding user user051 to group "SuperUsers"... 
[ 2:21:35.71] User user051 successfully added to group "SuperUsers". 
-------------------------------------------------- 
[ 2:21:35.70] Creating user user052... 
Created new user with id '1e678618-e70b-4905-90ca-a0da6afd29cf'
[ 2:21:35.70] Retrieving ID for user user052... 

[ 2:21:35.70] User ID for user052: 1e678618-e70b-4905-90ca-a0da6afd29cf 
[ 2:21:35.70] Adding user user052 to group "SuperUsers"... 
[ 2:21:35.71] User user052 successfully added to group "SuperUsers". 
-------------------------------------------------- 
[ 2:21:35.70] Creating user user053... 
Created new user with id '1688aed6-a62b-4816-bc37-ec96116778c8'
[ 2:21:35.70] Retrieving ID for user user053... 

[ 2:21:35.70] User ID for user053: 1688aed6-a62b-4816-bc37-ec96116778c8 
[ 2:21:35.70] Adding user user053 to group "SuperUsers"... 
[ 2:21:35.71] User user053 successfully added to group "SuperUsers". 
-------------------------------------------------- 
[ 2:21:35.70] Creating user user054... 
Created new user with id 'd1487afe-6a72-4aa3-843a-6da631f2fb92'
[ 2:21:35.70] Retrieving ID for user user054... 

[ 2:21:35.70] User ID for user054: d1487afe-6a72-4aa3-843a-6da631f2fb92 
[ 2:21:35.70] Adding user user054 to group "SuperUsers"... 
[ 2:21:35.71] User user054 successfully added to group "SuperUsers". 
-------------------------------------------------- 
[ 2:21:35.70] Creating user user055... 
Created new user with id '066bac01-9d95-4b81-8e5f-3692137dfb2d'
[ 2:21:35.70] Retrieving ID for user user055... 

[ 2:21:35.70] User ID for user055: 066bac01-9d95-4b81-8e5f-3692137dfb2d 
[ 2:21:35.70] Adding user user055 to group "SuperUsers"... 
[ 2:21:35.71] User user055 successfully added to group "SuperUsers". 
-------------------------------------------------- 
[ 2:21:35.70] Creating user user056... 
Created new user with id '63aca6a9-f522-462d-9e0e-3f1f62c0b0d3'
[ 2:21:35.70] Retrieving ID for user user056... 

[ 2:21:35.70] User ID for user056: 63aca6a9-f522-462d-9e0e-3f1f62c0b0d3 
[ 2:21:35.70] Adding user user056 to group "SuperUsers"... 
[ 2:21:35.71] User user056 successfully added to group "SuperUsers". 
-------------------------------------------------- 
[ 2:21:35.70] Creating user user057... 
Created new user with id '023853d8-d3a8-4511-87ad-5a72b4cfded0'
[ 2:21:35.70] Retrieving ID for user user057... 

[ 2:21:35.70] User ID for user057: 023853d8-d3a8-4511-87ad-5a72b4cfded0 
[ 2:21:35.70] Adding user user057 to group "SuperUsers"... 
[ 2:21:35.71] User user057 successfully added to group "SuperUsers". 
-------------------------------------------------- 
[ 2:21:35.70] Creating user user058... 
Created new user with id '95964ef3-1d14-48ee-8832-7373276a71af'
[ 2:21:35.70] Retrieving ID for user user058... 

[ 2:21:35.70] User ID for user058: 95964ef3-1d14-48ee-8832-7373276a71af 
[ 2:21:35.70] Adding user user058 to group "SuperUsers"... 
[ 2:21:35.71] User user058 successfully added to group "SuperUsers". 
-------------------------------------------------- 
[ 2:21:35.70] Creating user user059... 
Created new user with id '43a00ec4-a194-440f-9c72-13a48150fa04'
[ 2:21:35.70] Retrieving ID for user user059... 

[ 2:21:35.70] User ID for user059: 43a00ec4-a194-440f-9c72-13a48150fa04 
[ 2:21:35.70] Adding user user059 to group "SuperUsers"... 
[ 2:21:35.71] User user059 successfully added to group "SuperUsers". 
-------------------------------------------------- 
[ 2:21:35.70] Creating user user060... 
Created new user with id 'c47654a3-066a-4eb2-ba04-ce3f602e2e73'
[ 2:21:35.70] Retrieving ID for user user060... 

[ 2:21:35.70] User ID for user060: c47654a3-066a-4eb2-ba04-ce3f602e2e73 
[ 2:21:35.70] Adding user user060 to group "SuperUsers"... 
[ 2:21:35.71] User user060 successfully added to group "SuperUsers". 
-------------------------------------------------- 
[ 2:21:35.70] Creating user user061... 
Created new user with id '55374ced-6ba7-4f47-9ed1-f81225e92379'
[ 2:21:35.70] Retrieving ID for user user061... 

[ 2:21:35.70] User ID for user061: 55374ced-6ba7-4f47-9ed1-f81225e92379 
[ 2:21:35.70] Adding user user061 to group "SuperUsers"... 
[ 2:21:35.71] User user061 successfully added to group "SuperUsers". 
-------------------------------------------------- 
[ 2:21:35.70] Creating user user062... 
Created new user with id '6436d6b4-6108-43c7-821a-a9c666bc7654'
[ 2:21:35.70] Retrieving ID for user user062... 

[ 2:21:35.70] User ID for user062: 6436d6b4-6108-43c7-821a-a9c666bc7654 
[ 2:21:35.70] Adding user user062 to group "SuperUsers"... 
[ 2:21:35.71] User user062 successfully added to group "SuperUsers". 
-------------------------------------------------- 
[ 2:21:35.70] Creating user user063... 
Created new user with id '1155f6a0-4b30-47bb-91af-ba77c7ef0f2c'
[ 2:21:35.70] Retrieving ID for user user063... 

[ 2:21:35.70] User ID for user063: 1155f6a0-4b30-47bb-91af-ba77c7ef0f2c 
[ 2:21:35.70] Adding user user063 to group "SuperUsers"... 
[ 2:21:35.71] User user063 successfully added to group "SuperUsers". 
-------------------------------------------------- 
[ 2:21:35.70] Creating user user064... 
Created new user with id '770c9dd6-6283-4e69-ae1a-58d48f0bbf4e'
[ 2:21:35.70] Retrieving ID for user user064... 

[ 2:21:35.70] User ID for user064: 770c9dd6-6283-4e69-ae1a-58d48f0bbf4e 
[ 2:21:35.70] Adding user user064 to group "SuperUsers"... 
[ 2:21:35.71] User user064 successfully added to group "SuperUsers". 
-------------------------------------------------- 
[ 2:21:35.70] Creating user user065... 
Created new user with id 'e1d6753f-cbc1-4f3a-83f2-89a7bfac0b9b'
[ 2:21:35.70] Retrieving ID for user user065... 

[ 2:21:35.70] User ID for user065: e1d6753f-cbc1-4f3a-83f2-89a7bfac0b9b 
[ 2:21:35.70] Adding user user065 to group "SuperUsers"... 
[ 2:21:35.71] User user065 successfully added to group "SuperUsers". 
-------------------------------------------------- 
[ 2:21:35.70] Creating user user066... 
Created new user with id '09e99555-c18b-4115-a55c-d51f7eccfd81'
[ 2:21:35.70] Retrieving ID for user user066... 

[ 2:21:35.70] User ID for user066: 09e99555-c18b-4115-a55c-d51f7eccfd81 
[ 2:21:35.70] Adding user user066 to group "SuperUsers"... 
[ 2:21:35.71] User user066 successfully added to group "SuperUsers". 
-------------------------------------------------- 
[ 2:21:35.70] Creating user user067... 
Created new user with id 'd745a26f-85ae-4bde-b648-2f9d6b3e24b2'
[ 2:21:35.70] Retrieving ID for user user067... 

[ 2:21:35.70] User ID for user067: d745a26f-85ae-4bde-b648-2f9d6b3e24b2 
[ 2:21:35.70] Adding user user067 to group "SuperUsers"... 
[ 2:21:35.71] User user067 successfully added to group "SuperUsers". 
-------------------------------------------------- 
[ 2:21:35.70] Creating user user068... 
Created new user with id '3a609b3d-daaf-4070-9295-254da750628a'
[ 2:21:35.70] Retrieving ID for user user068... 

[ 2:21:35.70] User ID for user068: 3a609b3d-daaf-4070-9295-254da750628a 
[ 2:21:35.70] Adding user user068 to group "SuperUsers"... 
[ 2:21:35.71] User user068 successfully added to group "SuperUsers". 
-------------------------------------------------- 
[ 2:21:35.70] Creating user user069... 
Created new user with id '4c87ba22-5643-4f7f-a5ba-f451645b264d'
[ 2:21:35.70] Retrieving ID for user user069... 

[ 2:21:35.70] User ID for user069: 4c87ba22-5643-4f7f-a5ba-f451645b264d 
[ 2:21:35.70] Adding user user069 to group "SuperUsers"... 
[ 2:21:35.71] User user069 successfully added to group "SuperUsers". 
-------------------------------------------------- 
[ 2:21:35.70] Creating user user070... 
Created new user with id 'e4eebaf2-c879-40d1-9b99-7b9f6978664c'
[ 2:21:35.70] Retrieving ID for user user070... 

[ 2:21:35.70] User ID for user070: e4eebaf2-c879-40d1-9b99-7b9f6978664c 
[ 2:21:35.70] Adding user user070 to group "SuperUsers"... 
[ 2:21:35.71] User user070 successfully added to group "SuperUsers". 
-------------------------------------------------- 
[ 2:21:35.70] Creating user user071... 
Created new user with id '90ef37a7-4bb7-4e89-b0ca-ef5fe8ac9cba'
[ 2:21:35.70] Retrieving ID for user user071... 

[ 2:21:35.70] User ID for user071: 90ef37a7-4bb7-4e89-b0ca-ef5fe8ac9cba 
[ 2:21:35.70] Adding user user071 to group "SuperUsers"... 
[ 2:21:35.71] User user071 successfully added to group "SuperUsers". 
-------------------------------------------------- 
[ 2:21:35.70] Creating user user072... 
Created new user with id 'c2836f94-8513-4f4c-9ef0-ee90948bae4e'
[ 2:21:35.70] Retrieving ID for user user072... 

[ 2:21:35.70] User ID for user072: c2836f94-8513-4f4c-9ef0-ee90948bae4e 
[ 2:21:35.70] Adding user user072 to group "SuperUsers"... 
[ 2:21:35.71] User user072 successfully added to group "SuperUsers". 
-------------------------------------------------- 
[ 2:21:35.70] Creating user user073... 
Created new user with id 'd0f1b306-f83d-458d-a418-9a95e85ee155'
[ 2:21:35.70] Retrieving ID for user user073... 

[ 2:21:35.70] User ID for user073: d0f1b306-f83d-458d-a418-9a95e85ee155 
[ 2:21:35.70] Adding user user073 to group "SuperUsers"... 
[ 2:21:35.71] User user073 successfully added to group "SuperUsers". 
-------------------------------------------------- 
[ 2:21:35.70] Creating user user074... 
Created new user with id '1928b89a-bb16-4f75-b7f2-a6f9611f4c30'
[ 2:21:35.70] Retrieving ID for user user074... 

[ 2:21:35.70] User ID for user074: 1928b89a-bb16-4f75-b7f2-a6f9611f4c30 
[ 2:21:35.70] Adding user user074 to group "SuperUsers"... 
[ 2:21:35.71] User user074 successfully added to group "SuperUsers". 
-------------------------------------------------- 
[ 2:21:35.70] Creating user user075... 
Created new user with id 'a14d9b13-85f8-486d-9bac-08e4540d5193'
[ 2:21:35.70] Retrieving ID for user user075... 

[ 2:21:35.70] User ID for user075: a14d9b13-85f8-486d-9bac-08e4540d5193 
[ 2:21:35.70] Adding user user075 to group "SuperUsers"... 
[ 2:21:35.71] User user075 successfully added to group "SuperUsers". 
-------------------------------------------------- 
[ 2:21:35.70] Creating user user076... 
Created new user with id '23527975-abc4-40c3-a658-f17354620094'
[ 2:21:35.70] Retrieving ID for user user076... 

[ 2:21:35.70] User ID for user076: 23527975-abc4-40c3-a658-f17354620094 
[ 2:21:35.70] Adding user user076 to group "SuperUsers"... 
[ 2:21:35.71] User user076 successfully added to group "SuperUsers". 
-------------------------------------------------- 
[ 2:21:35.70] Creating user user077... 
Created new user with id '5dcba5d4-9a29-448f-ae1d-c1ed58742367'
[ 2:21:35.70] Retrieving ID for user user077... 

[ 2:21:35.70] User ID for user077: 5dcba5d4-9a29-448f-ae1d-c1ed58742367 
[ 2:21:35.70] Adding user user077 to group "SuperUsers"... 
[ 2:21:35.71] User user077 successfully added to group "SuperUsers". 
-------------------------------------------------- 
[ 2:21:35.70] Creating user user078... 
Created new user with id '62e8caef-f8b9-4621-95c2-0637b9895719'
[ 2:21:35.70] Retrieving ID for user user078... 

[ 2:21:35.70] User ID for user078: 62e8caef-f8b9-4621-95c2-0637b9895719 
[ 2:21:35.70] Adding user user078 to group "SuperUsers"... 
[ 2:21:35.71] User user078 successfully added to group "SuperUsers". 
-------------------------------------------------- 
[ 2:21:35.70] Creating user user079... 
Created new user with id '4d37dcd6-9bb5-4016-9edf-58d6664cdc2d'
[ 2:21:35.70] Retrieving ID for user user079... 

[ 2:21:35.70] User ID for user079: 4d37dcd6-9bb5-4016-9edf-58d6664cdc2d 
[ 2:21:35.70] Adding user user079 to group "SuperUsers"... 
[ 2:21:35.71] User user079 successfully added to group "SuperUsers". 
-------------------------------------------------- 
[ 2:21:35.70] Creating user user080... 
Created new user with id '9e3f1523-3ffc-428f-8c08-a36c92d5ce2d'
[ 2:21:35.70] Retrieving ID for user user080... 

[ 2:21:35.70] User ID for user080: 9e3f1523-3ffc-428f-8c08-a36c92d5ce2d 
[ 2:21:35.70] Adding user user080 to group "SuperUsers"... 
[ 2:21:35.71] User user080 successfully added to group "SuperUsers". 
-------------------------------------------------- 
[ 2:21:35.70] Creating user user081... 
Created new user with id 'b9fde3d4-897a-4d9d-b340-1c358922a9e0'
[ 2:21:35.70] Retrieving ID for user user081... 

[ 2:21:35.70] User ID for user081: b9fde3d4-897a-4d9d-b340-1c358922a9e0 
[ 2:21:35.70] Adding user user081 to group "SuperUsers"... 
[ 2:21:35.71] User user081 successfully added to group "SuperUsers". 
-------------------------------------------------- 
[ 2:21:35.70] Creating user user082... 
Created new user with id '248757c8-458c-43f4-8001-19e284b134b4'
[ 2:21:35.70] Retrieving ID for user user082... 

[ 2:21:35.70] User ID for user082: 248757c8-458c-43f4-8001-19e284b134b4 
[ 2:21:35.70] Adding user user082 to group "SuperUsers"... 
[ 2:21:35.71] User user082 successfully added to group "SuperUsers". 
-------------------------------------------------- 
[ 2:21:35.70] Creating user user083... 
Created new user with id '97c203e2-2fd2-4a7f-a180-8cc931b48ab4'
[ 2:21:35.70] Retrieving ID for user user083... 

[ 2:21:35.70] User ID for user083: 97c203e2-2fd2-4a7f-a180-8cc931b48ab4 
[ 2:21:35.70] Adding user user083 to group "SuperUsers"... 
[ 2:21:35.71] User user083 successfully added to group "SuperUsers". 
-------------------------------------------------- 
[ 2:21:35.70] Creating user user084... 
Created new user with id '08c3528c-34d0-44e4-84cc-040c4ad4ca30'
[ 2:21:35.70] Retrieving ID for user user084... 

[ 2:21:35.70] User ID for user084: 08c3528c-34d0-44e4-84cc-040c4ad4ca30 
[ 2:21:35.70] Adding user user084 to group "SuperUsers"... 
[ 2:21:35.71] User user084 successfully added to group "SuperUsers". 
-------------------------------------------------- 
[ 2:21:35.70] Creating user user085... 
Created new user with id '80de232b-7f78-44f2-bf8d-a5dcc90b7b8a'
[ 2:21:35.70] Retrieving ID for user user085... 

[ 2:21:35.70] User ID for user085: 80de232b-7f78-44f2-bf8d-a5dcc90b7b8a 
[ 2:21:35.70] Adding user user085 to group "SuperUsers"... 
[ 2:21:35.71] User user085 successfully added to group "SuperUsers". 
-------------------------------------------------- 
[ 2:21:35.70] Creating user user086... 
Created new user with id '43597756-ded2-4762-8902-1989bebecf9a'
[ 2:21:35.70] Retrieving ID for user user086... 

[ 2:21:35.70] User ID for user086: 43597756-ded2-4762-8902-1989bebecf9a 
[ 2:21:35.70] Adding user user086 to group "SuperUsers"... 
[ 2:21:35.71] User user086 successfully added to group "SuperUsers". 
-------------------------------------------------- 
[ 2:21:35.70] Creating user user087... 
Created new user with id '934ab503-0252-46b1-9700-29f42e2ae546'
[ 2:21:35.70] Retrieving ID for user user087... 

[ 2:21:35.70] User ID for user087: 934ab503-0252-46b1-9700-29f42e2ae546 
[ 2:21:35.70] Adding user user087 to group "SuperUsers"... 
[ 2:21:35.71] User user087 successfully added to group "SuperUsers". 
-------------------------------------------------- 
[ 2:21:35.70] Creating user user088... 
Created new user with id 'fbeca82d-24d9-4853-867e-20ebbad8011a'
[ 2:21:35.70] Retrieving ID for user user088... 

[ 2:21:35.70] User ID for user088: fbeca82d-24d9-4853-867e-20ebbad8011a 
[ 2:21:35.70] Adding user user088 to group "SuperUsers"... 
[ 2:21:35.71] User user088 successfully added to group "SuperUsers". 
-------------------------------------------------- 
[ 2:21:35.70] Creating user user089... 
Created new user with id '4a016f2d-ecf0-48d6-b864-953d833cec3d'
[ 2:21:35.70] Retrieving ID for user user089... 

[ 2:21:35.70] User ID for user089: 4a016f2d-ecf0-48d6-b864-953d833cec3d 
[ 2:21:35.70] Adding user user089 to group "SuperUsers"... 
[ 2:21:35.71] User user089 successfully added to group "SuperUsers". 
-------------------------------------------------- 
[ 2:21:35.70] Creating user user090... 
Created new user with id 'e39f8bc8-4b31-4a76-abbc-e8de4fbe8c8d'
[ 2:21:35.70] Retrieving ID for user user090... 

[ 2:21:35.70] User ID for user090: e39f8bc8-4b31-4a76-abbc-e8de4fbe8c8d 
[ 2:21:35.70] Adding user user090 to group "SuperUsers"... 
[ 2:21:35.71] User user090 successfully added to group "SuperUsers". 
-------------------------------------------------- 
[ 2:21:35.70] Creating user user091... 
Created new user with id '685f581d-1c72-4c61-aa04-01d1ac8ec63b'
[ 2:21:35.70] Retrieving ID for user user091... 

[ 2:21:35.70] User ID for user091: 685f581d-1c72-4c61-aa04-01d1ac8ec63b 
[ 2:21:35.70] Adding user user091 to group "SuperUsers"... 
[ 2:21:35.71] User user091 successfully added to group "SuperUsers". 
-------------------------------------------------- 
[ 2:21:35.70] Creating user user092... 
Created new user with id 'e5f0e0d3-efc8-4460-845f-5df261af32c4'
[ 2:21:35.70] Retrieving ID for user user092... 

[ 2:21:35.70] User ID for user092: e5f0e0d3-efc8-4460-845f-5df261af32c4 
[ 2:21:35.70] Adding user user092 to group "SuperUsers"... 
[ 2:21:35.71] User user092 successfully added to group "SuperUsers". 
-------------------------------------------------- 
[ 2:21:35.70] Creating user user093... 
Created new user with id 'e17bf628-3a76-44a3-84a6-b1da8fc60fb9'
[ 2:21:35.70] Retrieving ID for user user093... 

[ 2:21:35.70] User ID for user093: e17bf628-3a76-44a3-84a6-b1da8fc60fb9 
[ 2:21:35.70] Adding user user093 to group "SuperUsers"... 
[ 2:21:35.71] User user093 successfully added to group "SuperUsers". 
-------------------------------------------------- 
[ 2:21:35.70] Creating user user094... 
Created new user with id '201535e1-ebf4-49d6-86c2-f23654fb9a05'
[ 2:21:35.70] Retrieving ID for user user094... 

[ 2:21:35.70] User ID for user094: 201535e1-ebf4-49d6-86c2-f23654fb9a05 
[ 2:21:35.70] Adding user user094 to group "SuperUsers"... 
[ 2:21:35.71] User user094 successfully added to group "SuperUsers". 
-------------------------------------------------- 
[ 2:21:35.70] Creating user user095... 
Created new user with id 'e97b5906-b208-448a-a3a5-a716659826e1'
[ 2:21:35.70] Retrieving ID for user user095... 

[ 2:21:35.70] User ID for user095: e97b5906-b208-448a-a3a5-a716659826e1 
[ 2:21:35.70] Adding user user095 to group "SuperUsers"... 
[ 2:21:35.71] User user095 successfully added to group "SuperUsers". 
-------------------------------------------------- 
[ 2:21:35.70] Creating user user096... 
Created new user with id 'ccd3d0fd-f2ad-43fa-af3b-9e3dcf2e4b15'
[ 2:21:35.70] Retrieving ID for user user096... 

[ 2:21:35.70] User ID for user096: ccd3d0fd-f2ad-43fa-af3b-9e3dcf2e4b15 
[ 2:21:35.70] Adding user user096 to group "SuperUsers"... 
[ 2:21:35.71] User user096 successfully added to group "SuperUsers". 
-------------------------------------------------- 
[ 2:21:35.70] Creating user user097... 
Created new user with id '9d997822-812a-4f3d-935a-c5f43cc69ce4'
[ 2:21:35.70] Retrieving ID for user user097... 

[ 2:21:35.70] User ID for user097: 9d997822-812a-4f3d-935a-c5f43cc69ce4 
[ 2:21:35.70] Adding user user097 to group "SuperUsers"... 
[ 2:21:35.71] User user097 successfully added to group "SuperUsers". 
-------------------------------------------------- 
[ 2:21:35.70] Creating user user098... 
Created new user with id '92b989a7-a9aa-4113-af78-a5e3b1b8cc15'
[ 2:21:35.70] Retrieving ID for user user098... 

[ 2:21:35.70] User ID for user098: 92b989a7-a9aa-4113-af78-a5e3b1b8cc15 
[ 2:21:35.70] Adding user user098 to group "SuperUsers"... 
[ 2:21:35.71] User user098 successfully added to group "SuperUsers". 
-------------------------------------------------- 
[ 2:21:35.70] Creating user user099... 
Created new user with id '36ac4e02-3d6f-4aca-9e3f-165dda5dcc05'
[ 2:21:35.70] Retrieving ID for user user099... 

[ 2:21:35.70] User ID for user099: 36ac4e02-3d6f-4aca-9e3f-165dda5dcc05 
[ 2:21:35.70] Adding user user099 to group "SuperUsers"... 
[ 2:21:35.71] User user099 successfully added to group "SuperUsers". 
-------------------------------------------------- 
[ 2:21:35.70] Creating user user100... 
Created new user with id '926cf507-9502-4a40-83fc-f9984196337c'
[ 2:21:35.70] Retrieving ID for user user100... 

[ 2:21:35.70] User ID for user100: 926cf507-9502-4a40-83fc-f9984196337c 
[ 2:21:35.70] Adding user user100 to group "SuperUsers"... 
[ 2:21:35.71] User user100 successfully added to group "SuperUsers". 
-------------------------------------------------- 
[ 2:21:35.70] Creating user user101... 
Created new user with id 'b698d6b4-52d6-4d90-b200-36487da07f7d'
[ 2:21:35.70] Retrieving ID for user user101... 

[ 2:21:35.70] User ID for user101: b698d6b4-52d6-4d90-b200-36487da07f7d 
[ 2:21:35.70] Adding user user101 to group "SuperUsers"... 
[ 2:21:35.71] User user101 successfully added to group "SuperUsers". 
-------------------------------------------------- 
[ 2:21:35.70] Creating user user102... 
Created new user with id 'e44332dd-4ffb-41a3-b067-90f797e0b94e'
[ 2:21:35.70] Retrieving ID for user user102... 

[ 2:21:35.70] User ID for user102: e44332dd-4ffb-41a3-b067-90f797e0b94e 
[ 2:21:35.70] Adding user user102 to group "SuperUsers"... 
[ 2:21:35.71] User user102 successfully added to group "SuperUsers". 
-------------------------------------------------- 
[ 2:21:35.70] Creating user user103... 
Created new user with id '6a1a199b-e6fa-45f9-b064-ac2504da6a07'
[ 2:21:35.70] Retrieving ID for user user103... 

[ 2:21:35.70] User ID for user103: 6a1a199b-e6fa-45f9-b064-ac2504da6a07 
[ 2:21:35.70] Adding user user103 to group "SuperUsers"... 
[ 2:21:35.71] User user103 successfully added to group "SuperUsers". 
-------------------------------------------------- 
[ 2:21:35.70] Creating user user104... 
Created new user with id 'c8e28344-eb40-489e-ad60-7c6f65708ba1'
[ 2:21:35.70] Retrieving ID for user user104... 

[ 2:21:35.70] User ID for user104: c8e28344-eb40-489e-ad60-7c6f65708ba1 
[ 2:21:35.70] Adding user user104 to group "SuperUsers"... 
[ 2:21:35.71] User user104 successfully added to group "SuperUsers". 
-------------------------------------------------- 
[ 2:21:35.70] Creating user user105... 
Created new user with id 'd9615da1-0575-4691-94b0-8ec313995ef2'
[ 2:21:35.70] Retrieving ID for user user105... 

[ 2:21:35.70] User ID for user105: d9615da1-0575-4691-94b0-8ec313995ef2 
[ 2:21:35.70] Adding user user105 to group "SuperUsers"... 
[ 2:21:35.71] User user105 successfully added to group "SuperUsers". 
-------------------------------------------------- 
[ 2:21:35.70] Creating user user106... 
Created new user with id 'b45a8e3b-c82e-4d35-ae83-c878ca87640e'
[ 2:21:35.70] Retrieving ID for user user106... 

[ 2:21:35.70] User ID for user106: b45a8e3b-c82e-4d35-ae83-c878ca87640e 
[ 2:21:35.70] Adding user user106 to group "SuperUsers"... 
[ 2:21:35.71] User user106 successfully added to group "SuperUsers". 
-------------------------------------------------- 
[ 2:21:35.70] Creating user user107... 
Created new user with id '0e77fb93-8ae9-4a55-bb53-926cf041566e'
[ 2:21:35.70] Retrieving ID for user user107... 

[ 2:21:35.70] User ID for user107: 0e77fb93-8ae9-4a55-bb53-926cf041566e 
[ 2:21:35.70] Adding user user107 to group "SuperUsers"... 
[ 2:21:35.71] User user107 successfully added to group "SuperUsers". 
-------------------------------------------------- 
[ 2:21:35.70] Creating user user108... 
Created new user with id '1ac1bd3d-991c-4ca7-96ff-190633b4ad4a'
[ 2:21:35.70] Retrieving ID for user user108... 

[ 2:21:35.70] User ID for user108: 1ac1bd3d-991c-4ca7-96ff-190633b4ad4a 
[ 2:21:35.70] Adding user user108 to group "SuperUsers"... 
[ 2:21:35.71] User user108 successfully added to group "SuperUsers". 
-------------------------------------------------- 
[ 2:21:35.70] Creating user user109... 
Created new user with id '881132aa-d9d3-414a-820b-d8d2547079f2'
[ 2:21:35.70] Retrieving ID for user user109... 

[ 2:21:35.70] User ID for user109: 881132aa-d9d3-414a-820b-d8d2547079f2 
[ 2:21:35.70] Adding user user109 to group "SuperUsers"... 
[ 2:21:35.71] User user109 successfully added to group "SuperUsers". 
-------------------------------------------------- 
[ 2:21:35.70] Creating user user110... 
Created new user with id 'ae619057-eee6-4087-9594-ff1bbe84ee42'
[ 2:21:35.70] Retrieving ID for user user110... 

[ 2:21:35.70] User ID for user110: ae619057-eee6-4087-9594-ff1bbe84ee42 
[ 2:21:35.70] Adding user user110 to group "SuperUsers"... 
[ 2:21:35.71] User user110 successfully added to group "SuperUsers". 
-------------------------------------------------- 
[ 2:21:35.70] Creating user user111... 
Created new user with id '47e975d9-cc3b-4f71-a765-f5b18bcd8882'
[ 2:21:35.70] Retrieving ID for user user111... 

[ 2:21:35.70] User ID for user111: 47e975d9-cc3b-4f71-a765-f5b18bcd8882 
[ 2:21:35.70] Adding user user111 to group "SuperUsers"... 
[ 2:21:35.71] User user111 successfully added to group "SuperUsers". 
-------------------------------------------------- 
[ 2:21:35.70] Creating user user112... 
Created new user with id 'c922d4c9-1ce6-4a6a-8245-e440cb14ddcb'
[ 2:21:35.70] Retrieving ID for user user112... 

[ 2:21:35.70] User ID for user112: c922d4c9-1ce6-4a6a-8245-e440cb14ddcb 
[ 2:21:35.70] Adding user user112 to group "SuperUsers"... 
[ 2:21:35.71] User user112 successfully added to group "SuperUsers". 
-------------------------------------------------- 
[ 2:21:35.70] Creating user user113... 
Created new user with id 'c162db19-c947-4fa7-b065-8b391437ca41'
[ 2:21:35.70] Retrieving ID for user user113... 

[ 2:21:35.70] User ID for user113: c162db19-c947-4fa7-b065-8b391437ca41 
[ 2:21:35.70] Adding user user113 to group "SuperUsers"... 
[ 2:21:35.71] User user113 successfully added to group "SuperUsers". 
-------------------------------------------------- 
[ 2:21:35.70] Creating user user114... 
Created new user with id 'bd878447-6cba-4086-9b1d-6bd8900e0324'
[ 2:21:35.70] Retrieving ID for user user114... 

[ 2:21:35.70] User ID for user114: bd878447-6cba-4086-9b1d-6bd8900e0324 
[ 2:21:35.70] Adding user user114 to group "SuperUsers"... 
[ 2:21:35.71] User user114 successfully added to group "SuperUsers". 
-------------------------------------------------- 
[ 2:21:35.70] Creating user user115... 
Created new user with id '42e6f30f-565b-429c-ad73-a4ddc4d5073c'
[ 2:21:35.70] Retrieving ID for user user115... 

[ 2:21:35.70] User ID for user115: 42e6f30f-565b-429c-ad73-a4ddc4d5073c 
[ 2:21:35.70] Adding user user115 to group "SuperUsers"... 
[ 2:21:35.71] User user115 successfully added to group "SuperUsers". 
-------------------------------------------------- 
[ 2:21:35.70] Creating user user116... 
Created new user with id '0dee3c36-4836-45c9-96bf-f8ff9715cbda'
[ 2:21:35.70] Retrieving ID for user user116... 

[ 2:21:35.70] User ID for user116: 0dee3c36-4836-45c9-96bf-f8ff9715cbda 
[ 2:21:35.70] Adding user user116 to group "SuperUsers"... 
[ 2:21:35.71] User user116 successfully added to group "SuperUsers". 
-------------------------------------------------- 
[ 2:21:35.70] Creating user user117... 
Created new user with id 'af64c258-5bb2-4f91-a9d0-18e38692db75'
[ 2:21:35.70] Retrieving ID for user user117... 

[ 2:21:35.70] User ID for user117: af64c258-5bb2-4f91-a9d0-18e38692db75 
[ 2:21:35.70] Adding user user117 to group "SuperUsers"... 
[ 2:21:35.71] User user117 successfully added to group "SuperUsers". 
-------------------------------------------------- 
[ 2:21:35.70] Creating user user118... 
Created new user with id 'efd91eda-8ea0-47a1-bdfd-eda35323167a'
[ 2:21:35.70] Retrieving ID for user user118... 

[ 2:21:35.70] User ID for user118: efd91eda-8ea0-47a1-bdfd-eda35323167a 
[ 2:21:35.70] Adding user user118 to group "SuperUsers"... 
[ 2:21:35.71] User user118 successfully added to group "SuperUsers". 
-------------------------------------------------- 
[ 2:21:35.70] Creating user user119... 
Created new user with id '0fa52ebe-8856-47f8-89e5-5a6c22affe3a'
[ 2:21:35.70] Retrieving ID for user user119... 

[ 2:21:35.70] User ID for user119: 0fa52ebe-8856-47f8-89e5-5a6c22affe3a 
[ 2:21:35.70] Adding user user119 to group "SuperUsers"... 
[ 2:21:35.71] User user119 successfully added to group "SuperUsers". 
-------------------------------------------------- 
[ 2:21:35.70] Creating user user120... 
Created new user with id '9a8ef97f-e404-4083-82e3-9f9060c9d43c'
[ 2:21:35.70] Retrieving ID for user user120... 

[ 2:21:35.70] User ID for user120: 9a8ef97f-e404-4083-82e3-9f9060c9d43c 
[ 2:21:35.70] Adding user user120 to group "SuperUsers"... 
[ 2:21:35.71] User user120 successfully added to group "SuperUsers". 
-------------------------------------------------- 
[ 2:58:26.70] Finished creating users. 
[END] User creation process at Fri 02/14/2025  2:58:26.74 
